# JRE version: Java(TM) SE Runtime Environment (23.0.2+7) (build 23.0.2+7-58)
# Java VM: Java HotSpot(TM) 64-Bit Server VM (23.0.2+7-58, mixed mode, sharing, tiered, compressed oops, compressed class ptrs, g1 gc, windows-amd64)
GC Precious Log:
 CardTable entry size: 512
 Card Set container configuration: InlinePtr #cards 5 size 8 Array Of Cards #cards 10 size 36 Howl #buckets 4 coarsen threshold 1843 Howl Bitmap #cards 512 size 80 coarsen threshold 460 Card regions per heap region 1 cards per card region 2048
 CPUs: 12 total, 12 available
 Memory: 7916M
 Large Page Support: Disabled
 NUMA Support: Disabled
 Compressed Oops: Enabled (32-bit)
 Heap Region Size: 1M
 Heap Min Capacity: 8M
 Heap Initial Capacity: 124M
 Heap Max Capacity: 1980M
 Pre-touch: Disabled
 Parallel Workers: 10
 Concurrent Workers: 3
 Concurrent Refinement Workers: 10
 Periodic GC: Disabled
Heap:
 garbage-first heap   total reserved 2027520K, committed 54272K, used 29054K [0x0000000084400000, 0x0000000100000000)
  region size 1024K, 7 young (7168K), 1 survivors (1024K)
 Metaspace       used 54248K, committed 55424K, reserved 1114112K
  class space    used 7197K, committed 7680K, reserved 1048576K
GC Heap History (20 events):
Event: 8.959 GC heap before
{Heap before GC invocations=11 (full 0):
 garbage-first heap   total reserved 2027520K, committed 54272K, used 44598K [0x0000000084400000, 0x0000000100000000)
  region size 1024K, 26 young (26624K), 4 survivors (4096K)
 Metaspace       used 45410K, committed 46080K, reserved 1114112K
  class space    used 6098K, committed 6400K, reserved 1048576K
}
Event: 8.964 GC heap after
{Heap after GC invocations=12 (full 0):
 garbage-first heap   total reserved 2027520K, committed 54272K, used 24199K [0x0000000084400000, 0x0000000100000000)
  region size 1024K, 3 young (3072K), 3 survivors (3072K)
 Metaspace       used 45410K, committed 46080K, reserved 1114112K
  class space    used 6098K, committed 6400K, reserved 1048576K
}
Event: 9.562 GC heap before
{Heap before GC invocations=12 (full 0):
 garbage-first heap   total reserved 2027520K, committed 54272K, used 45703K [0x0000000084400000, 0x0000000100000000)
  region size 1024K, 24 young (24576K), 3 survivors (3072K)
 Metaspace       used 48913K, committed 49600K, reserved 1114112K
  class space    used 6598K, committed 6912K, reserved 1048576K
}
Event: 9.568 GC heap after
{Heap after GC invocations=13 (full 0):
 garbage-first heap   total reserved 2027520K, committed 54272K, used 26488K [0x0000000084400000, 0x0000000100000000)
  region size 1024K, 3 young (3072K), 3 survivors (3072K)
 Metaspace       used 48913K, committed 49600K, reserved 1114112K
  class space    used 6598K, committed 6912K, reserved 1048576K
}
Event: 178.210 GC heap before
{Heap before GC invocations=13 (full 0):
 garbage-first heap   total reserved 2027520K, committed 54272K, used 44920K [0x0000000084400000, 0x0000000100000000)
  region size 1024K, 22 young (22528K), 3 survivors (3072K)
 Metaspace       used 53002K, committed 53760K, reserved 1114112K
  class space    used 7155K, committed 7488K, reserved 1048576K
}
Event: 178.241 GC heap after
{Heap after GC invocations=14 (full 0):
 garbage-first heap   total reserved 2027520K, committed 54272K, used 27814K [0x0000000084400000, 0x0000000100000000)
  region size 1024K, 2 young (2048K), 2 survivors (2048K)
 Metaspace       used 53002K, committed 53760K, reserved 1114112K
  class space    used 7155K, committed 7488K, reserved 1048576K
}
Event: 763.592 GC heap before
{Heap before GC invocations=15 (full 0):
 garbage-first heap   total reserved 2027520K, committed 54272K, used 46246K [0x0000000084400000, 0x0000000100000000)
  region size 1024K, 21 young (21504K), 2 survivors (2048K)
 Metaspace       used 54388K, committed 55168K, reserved 1114112K
  class space    used 7297K, committed 7680K, reserved 1048576K
}
Event: 763.600 GC heap after
{Heap after GC invocations=16 (full 0):
 garbage-first heap   total reserved 2027520K, committed 54272K, used 27974K [0x0000000084400000, 0x0000000100000000)
  region size 1024K, 2 young (2048K), 2 survivors (2048K)
 Metaspace       used 54388K, committed 55168K, reserved 1114112K
  class space    used 7297K, committed 7680K, reserved 1048576K
}
Event: 1739.053 GC heap before
{Heap before GC invocations=16 (full 0):
 garbage-first heap   total reserved 2027520K, committed 54272K, used 47430K [0x0000000084400000, 0x0000000100000000)
  region size 1024K, 21 young (21504K), 2 survivors (2048K)
 Metaspace       used 54528K, committed 55360K, reserved 1114112K
  class space    used 7297K, committed 7680K, reserved 1048576K
}
Event: 1739.066 GC heap after
{Heap after GC invocations=17 (full 0):
 garbage-first heap   total reserved 2027520K, committed 54272K, used 27656K [0x0000000084400000, 0x0000000100000000)
  region size 1024K, 1 young (1024K), 1 survivors (1024K)
 Metaspace       used 54528K, committed 55360K, reserved 1114112K
  class space    used 7297K, committed 7680K, reserved 1048576K
}
Event: 2769.905 GC heap before
{Heap before GC invocations=17 (full 0):
 garbage-first heap   total reserved 2027520K, committed 54272K, used 48136K [0x0000000084400000, 0x0000000100000000)
  region size 1024K, 21 young (21504K), 1 survivors (1024K)
 Metaspace       used 54569K, committed 55424K, reserved 1114112K
  class space    used 7298K, committed 7680K, reserved 1048576K
}
Event: 2769.913 GC heap after
{Heap after GC invocations=18 (full 0):
 garbage-first heap   total reserved 2027520K, committed 54272K, used 27514K [0x0000000084400000, 0x0000000100000000)
  region size 1024K, 1 young (1024K), 1 survivors (1024K)
 Metaspace       used 54569K, committed 55424K, reserved 1114112K
  class space    used 7298K, committed 7680K, reserved 1048576K
}
Event: 3816.385 GC heap before
{Heap before GC invocations=19 (full 0):
 garbage-first heap   total reserved 2027520K, committed 54272K, used 47994K [0x0000000084400000, 0x0000000100000000)
  region size 1024K, 21 young (21504K), 1 survivors (1024K)
 Metaspace       used 54225K, committed 55424K, reserved 1114112K
  class space    used 7195K, committed 7680K, reserved 1048576K
}
Event: 3816.392 GC heap after
{Heap after GC invocations=20 (full 0):
 garbage-first heap   total reserved 2027520K, committed 54272K, used 27385K [0x0000000084400000, 0x0000000100000000)
  region size 1024K, 1 young (1024K), 1 survivors (1024K)
 Metaspace       used 54225K, committed 55424K, reserved 1114112K
  class space    used 7195K, committed 7680K, reserved 1048576K
}
Event: 4854.045 GC heap before
{Heap before GC invocations=20 (full 0):
 garbage-first heap   total reserved 2027520K, committed 54272K, used 47865K [0x0000000084400000, 0x0000000100000000)
  region size 1024K, 21 young (21504K), 1 survivors (1024K)
 Metaspace       used 54231K, committed 55424K, reserved 1114112K
  class space    used 7196K, committed 7680K, reserved 1048576K
}
Event: 4854.117 GC heap after
{Heap after GC invocations=21 (full 0):
 garbage-first heap   total reserved 2027520K, committed 54272K, used 24725K [0x0000000084400000, 0x0000000100000000)
  region size 1024K, 1 young (1024K), 1 survivors (1024K)
 Metaspace       used 54231K, committed 55424K, reserved 1114112K
  class space    used 7196K, committed 7680K, reserved 1048576K
}
Event: 6062.466 GC heap before
{Heap before GC invocations=21 (full 0):
 garbage-first heap   total reserved 2027520K, committed 54272K, used 48277K [0x0000000084400000, 0x0000000100000000)
  region size 1024K, 24 young (24576K), 1 survivors (1024K)
 Metaspace       used 54238K, committed 55424K, reserved 1114112K
  class space    used 7196K, committed 7680K, reserved 1048576K
}
Event: 6062.538 GC heap after
{Heap after GC invocations=22 (full 0):
 garbage-first heap   total reserved 2027520K, committed 54272K, used 23942K [0x0000000084400000, 0x0000000100000000)
  region size 1024K, 1 young (1024K), 1 survivors (1024K)
 Metaspace       used 54238K, committed 55424K, reserved 1114112K
  class space    used 7196K, committed 7680K, reserved 1048576K
}
Event: 7313.615 GC heap before
{Heap before GC invocations=22 (full 0):
 garbage-first heap   total reserved 2027520K, committed 54272K, used 48518K [0x0000000084400000, 0x0000000100000000)
  region size 1024K, 25 young (25600K), 1 survivors (1024K)
 Metaspace       used 54247K, committed 55424K, reserved 1114112K
  class space    used 7197K, committed 7680K, reserved 1048576K
}
Event: 7313.739 GC heap after
{Heap after GC invocations=23 (full 0):
 garbage-first heap   total reserved 2027520K, committed 54272K, used 23934K [0x0000000084400000, 0x0000000100000000)
  region size 1024K, 1 young (1024K), 1 survivors (1024K)
 Metaspace       used 54247K, committed 55424K, reserved 1114112K
  class space    used 7197K, committed 7680K, reserved 1048576K
}

